[2026-03-18T02:54:10.439Z] [10:54:10.426] [express] serving on port 5100
[2026-03-18T02:55:31.013Z] [10:55:31.001] [express] serving on port 5100
[2026-03-18T02:55:33.762Z] [10:55:33.762] [express] GET    /api/entities                  304 | 5ms | [{"id":1,"code":"E001","name":"上海百胜软件股份有限公司","remark":"集团总部"},{"id":2,"code":"E002","name":"华东分公司","remark":"上海/江浙区域"},{"id":3,"code":"E003","name":"华南分公司","remark":"广东/福建区域"},{"id":5,"code":"E004","n...(411字符省略)
[2026-03-18T02:55:33.765Z] [10:55:33.765] [express] GET    /api/accounts                  304 | 2ms | [{"id":5,"code":"1123.02.01.01","name":"预付账款_预付账款其他_预付账款其他_正常-待摊费用","type":"credit"},{"id":16,"code":"1123.02.01.02","name":"\t预付账款_预付账款其他_预付账款其他_正常-阿里云","type":"credit"},{"id":17,"code":"1123.02.01.0...(960字符省略)
[2026-03-18T02:55:33.776Z] [10:55:33.776] [express] GET    /api/rule-templates            304 | 17ms | [{"id":3,"name":"保险费","defaultMonths":12,"method":"monthly","debitAccountId":1,"creditAccountId":5,"remark":"保险费用按保单期限摊销"},{"id":9,"name":"华为云","defaultMonths":12,"method":"monthly","debitAccountId":7...(1112字符省略)
[2026-03-18T02:55:33.780Z] [10:55:33.780] [express] GET    /api/fees/                     304 | 19ms | [{"id":178,"entityId":1,"feeCode":"SJ2021060676","feeName":"上海回力鞋业有限公司2026/02/26~2026/03/28","totalAmount":"5000.00","feeDate":"2026年2月27日","sourceRef":"云服务采购","sourceSystem":null,"department":"上海分公司"...(49266字符省略)
[2026-03-18T02:56:31.168Z] [10:56:31.167] [express] GET    /api/amort-table/              304 | 504ms | [{"id":595,"feeId":66,"month":"2026-03","amount":"4808.14","cumulativeAmount":"4808.14","remainingAmount":"52889.57","voucherGenerated":true,"feeName":"ME3自用2026/01/05~-","feeCode":"B25006321","feeTyp...(57668字符省略)
[2026-03-18T02:56:37.177Z] [10:56:37.176] [express] GET    /api/vouchers/                 304 | 4ms | [{"id":15,"entityId":1,"voucherNo":"PZ-202603-0001","voucherDate":"2026-03-01","month":"2026-03","summary":"2026-03摊销ME3自用及米素OP版部署相关费用","department":"全渠道中台事业部","debitAccountCode":"6401.01.02","debitAc...(13961字符省略)
[2026-03-18T02:58:39.875Z] [10:58:39.875] [express] GET    /api/entities                  304 | 15ms | [{"id":1,"code":"E001","name":"上海百胜软件股份有限公司","remark":"集团总部"},{"id":2,"code":"E002","name":"华东分公司","remark":"上海/江浙区域"},{"id":3,"code":"E003","name":"华南分公司","remark":"广东/福建区域"},{"id":5,"code":"E004","n...(411字符省略)
[2026-03-18T02:58:39.890Z] [10:58:39.886] [express] GET    /api/vouchers/                 304 | 6ms | [{"id":15,"entityId":1,"voucherNo":"PZ-202603-0001","voucherDate":"2026-03-01","month":"2026-03","summary":"2026-03摊销ME3自用及米素OP版部署相关费用","department":"全渠道中台事业部","debitAccountCode":"6401.01.02","debitAc...(13961字符省略)
[2026-03-18T02:58:45.629Z] [10:58:45.628] [express] GET    /api/rule-templates            304 | 3ms | [{"id":3,"name":"保险费","defaultMonths":12,"method":"monthly","debitAccountId":1,"creditAccountId":5,"remark":"保险费用按保单期限摊销"},{"id":9,"name":"华为云","defaultMonths":12,"method":"monthly","debitAccountId":7...(1112字符省略)
[2026-03-18T02:58:45.634Z] [10:58:45.634] [express] GET    /api/fees/                     304 | 5ms | [{"id":178,"entityId":1,"feeCode":"SJ2021060676","feeName":"上海回力鞋业有限公司2026/02/26~2026/03/28","totalAmount":"5000.00","feeDate":"2026年2月27日","sourceRef":"云服务采购","sourceSystem":null,"department":"上海分公司"...(49266字符省略)
[2026-03-18T02:58:45.645Z] [10:58:45.644] [express] GET    /api/accounts                  304 | 14ms | [{"id":5,"code":"1123.02.01.01","name":"预付账款_预付账款其他_预付账款其他_正常-待摊费用","type":"credit"},{"id":16,"code":"1123.02.01.02","name":"\t预付账款_预付账款其他_预付账款其他_正常-阿里云","type":"credit"},{"id":17,"code":"1123.02.01.0...(960字符省略)
[2026-03-18T02:59:03.343Z] [10:59:03.343] [express] GET    /api/amort-table/              304 | 518ms | [{"id":595,"feeId":66,"month":"2026-03","amount":"4808.14","cumulativeAmount":"4808.14","remainingAmount":"52889.57","voucherGenerated":true,"feeName":"ME3自用2026/01/05~-","feeCode":"B25006321","feeTyp...(57668字符省略)
[2026-03-18T02:59:31.226Z] [10:59:31.226] [express] DELETE /api/vouchers/595              200 | 27ms | {"success":true,"message":"凭证已删除，可重新生成"}
[2026-03-18T02:59:31.238Z] [10:59:31.238] [express] GET    /api/vouchers/                 200 | 4ms | [{"id":16,"entityId":1,"voucherNo":"PZ-202603-0002","voucherDate":"2026-03-01","month":"2026-03","summary":"2026-03摊销产品部署及告警服务相关费用。","department":"数睿","debitAccountCode":"6401.01.02","debitAccountName...(13561字符省略)
[2026-03-18T02:59:31.779Z] [10:59:31.778] [express] DELETE /api/vouchers/854              200 | 10ms | {"success":true,"message":"凭证已删除，可重新生成"}
[2026-03-18T02:59:31.789Z] [10:59:31.788] [express] GET    /api/vouchers/                 200 | 4ms | [{"id":17,"entityId":1,"voucherNo":"PZ-202603-0003","voucherDate":"2026-03-01","month":"2026-03","summary":"2026-03摊销研发、风控及信息中心云服务年费","department":"信息中心","debitAccountCode":"6401.01.02","debitAccountN...(13169字符省略)
[2026-03-18T02:59:32.036Z] [10:59:32.035] [express] DELETE /api/vouchers/607              200 | 9ms | {"success":true,"message":"凭证已删除，可重新生成"}
[2026-03-18T02:59:32.047Z] [10:59:32.047] [express] GET    /api/vouchers/                 200 | 5ms | [{"id":18,"entityId":1,"voucherNo":"PZ-202603-0004","voucherDate":"2026-03-01","month":"2026-03","summary":"2026-03摊销云服务证书费用","department":"信息中心","debitAccountCode":"6401.01.02","debitAccountName":"主营...(12776字符省略)
[2026-03-18T02:59:32.238Z] [10:59:32.237] [express] DELETE /api/vouchers/1222             200 | 9ms | {"success":true,"message":"凭证已删除，可重新生成"}
[2026-03-18T02:59:32.248Z] [10:59:32.248] [express] GET    /api/vouchers/                 200 | 4ms | [{"id":19,"entityId":1,"voucherNo":"PZ-202603-0005","voucherDate":"2026-03-01","month":"2026-03","summary":"2026-03摊销云服务及软件订阅费用","department":"企业中台事业部","debitAccountCode":"6401.01.02","debitAccountNam...(12388字符省略)
[2026-03-18T02:59:32.442Z] [10:59:32.441] [express] DELETE /api/vouchers/897              200 | 9ms | {"success":true,"message":"凭证已删除，可重新生成"}
[2026-03-18T02:59:32.452Z] [10:59:32.451] [express] GET    /api/vouchers/                 200 | 3ms | [{"id":20,"entityId":1,"voucherNo":"PZ-202603-0006","voucherDate":"2026-03-01","month":"2026-03","summary":"2026-03摊销平台部署自用服务费用","department":"胜券AI发展事业部","debitAccountCode":"6401.01.02","debitAccountN...(11994字符省略)
[2026-03-18T02:59:32.664Z] [10:59:32.663] [express] DELETE /api/vouchers/969              200 | 9ms | {"success":true,"message":"凭证已删除，可重新生成"}
[2026-03-18T02:59:32.673Z] [10:59:32.672] [express] GET    /api/vouchers/                 200 | 4ms | [{"id":21,"entityId":1,"voucherNo":"PZ-202603-0007","voucherDate":"2026-03-01","month":"2026-03","summary":"2026-03摊销云服务及WAF实施节点采购费用","department":"服务中心","debitAccountCode":"6401.01.02","debitAccountN...(11598字符省略)
[2026-03-18T02:59:32.843Z] [10:59:32.842] [express] DELETE /api/vouchers/971              200 | 9ms | {"success":true,"message":"凭证已删除，可重新生成"}
[2026-03-18T02:59:32.853Z] [10:59:32.852] [express] GET    /api/vouchers/                 200 | 5ms | [{"id":22,"entityId":1,"voucherNo":"PZ-202603-0008","voucherDate":"2026-03-01","month":"2026-03","summary":"2026-03摊销百胜PPU平台续费灵骏智算资源费用","department":"胜券AI发展事业部","debitAccountCode":"6401.01.02","debitA...(11203字符省略)
[2026-03-18T02:59:33.030Z] [10:59:33.029] [express] DELETE /api/vouchers/1581             200 | 7ms | {"success":true,"message":"凭证已删除，可重新生成"}
[2026-03-18T02:59:33.038Z] [10:59:33.038] [express] GET    /api/vouchers/                 200 | 3ms | [{"id":23,"entityId":1,"voucherNo":"PZ-202603-0009","voucherDate":"2026-03-01","month":"2026-03","summary":"2026-03摊销阿里云SaaS服务费用","department":"全网通事业部","debitAccountCode":"6401.01.02","debitAccountNam...(10798字符省略)
[2026-03-18T02:59:33.227Z] [10:59:33.226] [express] DELETE /api/vouchers/1579             200 | 10ms | {"success":true,"message":"凭证已删除，可重新生成"}
[2026-03-18T02:59:33.237Z] [10:59:33.236] [express] GET    /api/vouchers/                 200 | 4ms | [{"id":24,"entityId":1,"voucherNo":"PZ-202603-0010","voucherDate":"2026-03-01","month":"2026-03","summary":"2026-03摊销华为云国际站服务费","department":"渠道","debitAccountCode":"6401.01.02","debitAccountName":"主营...(10403字符省略)
[2026-03-18T02:59:33.425Z] [10:59:33.424] [express] DELETE /api/vouchers/1549             200 | 10ms | {"success":true,"message":"凭证已删除，可重新生成"}
[2026-03-18T02:59:33.435Z] [10:59:33.434] [express] GET    /api/vouchers/                 200 | 4ms | [{"id":25,"entityId":1,"voucherNo":"PZ-202603-0011","voucherDate":"2026-03-01","month":"2026-03","summary":"2026-03摊销华为云雷池WA实施节点采购费用","department":"服务中心","debitAccountCode":"6401.01.02","debitAccountN...(10019字符省略)
[2026-03-18T02:59:33.626Z] [10:59:33.625] [express] DELETE /api/vouchers/1728             200 | 9ms | {"success":true,"message":"凭证已删除，可重新生成"}
[2026-03-18T02:59:33.642Z] [10:59:33.642] [express] GET    /api/vouchers/                 200 | 4ms | [{"id":26,"entityId":1,"voucherNo":"PZ-202603-0012","voucherDate":"2026-03-01","month":"2026-03","summary":"2026-03摊销上海回力鞋业有限公司租赁费用","department":"上海分公司","debitAccountCode":"6401.01.02","debitAccountN...(9624字符省略)
[2026-03-18T02:59:33.976Z] [10:59:33.975] [express] DELETE /api/vouchers/1798             200 | 7ms | {"success":true,"message":"凭证已删除，可重新生成"}
[2026-03-18T02:59:33.985Z] [10:59:33.985] [express] GET    /api/vouchers/                 200 | 3ms | [{"id":27,"entityId":1,"voucherNo":"PZ-202603-0013","voucherDate":"2026-03-01","month":"2026-03","summary":"2026-03摊销服饰及珠宝类费用","department":"深圳分公司","debitAccountCode":"6401.01.02","debitAccountName":"...(9228字符省略)
[2026-03-18T02:59:34.391Z] [10:59:34.391] [express] DELETE /api/vouchers/1723             200 | 10ms | {"success":true,"message":"凭证已删除，可重新生成"}
[2026-03-18T02:59:34.401Z] [10:59:34.401] [express] GET    /api/vouchers/                 200 | 6ms | [{"id":28,"entityId":1,"voucherNo":"PZ-202603-0014","voucherDate":"2026-03-01","month":"2026-03","summary":"2026-03摊销租赁及服务类费用","department":"北京分公司","debitAccountCode":"6401.01.02","debitAccountName":"...(8839字符省略)
[2026-03-18T02:59:34.631Z] [10:59:34.631] [express] DELETE /api/vouchers/1363             200 | 10ms | {"success":true,"message":"凭证已删除，可重新生成"}
[2026-03-18T02:59:34.641Z] [10:59:34.640] [express] GET    /api/vouchers/                 200 | 4ms | [{"id":29,"entityId":1,"voucherNo":"PZ-202603-0015","voucherDate":"2026-03-01","month":"2026-03","summary":"2026-03摊销多家公司租赁及服务费用","department":"上海分公司","debitAccountCode":"6401.01.02","debitAccountName...(8448字符省略)
[2026-03-18T02:59:34.816Z] [10:59:34.815] [express] DELETE /api/vouchers/1518             200 | 9ms | {"success":true,"message":"凭证已删除，可重新生成"}
[2026-03-18T02:59:34.825Z] [10:59:34.824] [express] GET    /api/vouchers/                 200 | 4ms | [{"id":30,"entityId":1,"voucherNo":"PZ-202603-0016","voucherDate":"2026-03-01","month":"2026-03","summary":"2026-03摊销多家公司成本及品牌管理费用","department":"浙江分公司","debitAccountCode":"6401.01.02","debitAccountNa...(8054字符省略)
[2026-03-18T02:59:35.006Z] [10:59:35.006] [express] DELETE /api/vouchers/1196             200 | 10ms | {"success":true,"message":"凭证已删除，可重新生成"}
[2026-03-18T02:59:35.016Z] [10:59:35.015] [express] GET    /api/vouchers/                 200 | 4ms | [{"id":31,"entityId":1,"voucherNo":"PZ-202603-0017","voucherDate":"2026-03-01","month":"2026-03","summary":"2026-03摊销租赁及服务费用","department":"广州分公司","debitAccountCode":"6401.01.02","debitAccountName":"主...(7657字符省略)
[2026-03-18T02:59:35.168Z] [10:59:35.168] [express] DELETE /api/vouchers/407              200 | 8ms | {"success":true,"message":"凭证已删除，可重新生成"}
[2026-03-18T02:59:35.179Z] [10:59:35.178] [express] GET    /api/vouchers/                 200 | 4ms | [{"id":32,"entityId":1,"voucherNo":"PZ-202603-0018","voucherDate":"2026-03-01","month":"2026-03","summary":"2026-03摊销广州吉尔雅商贸等公司费用","department":"广州分公司","debitAccountCode":"6401.01.02","debitAccountNam...(7269字符省略)
[2026-03-18T02:59:35.322Z] [10:59:35.321] [express] DELETE /api/vouchers/444              200 | 10ms | {"success":true,"message":"凭证已删除，可重新生成"}
[2026-03-18T02:59:35.331Z] [10:59:35.330] [express] GET    /api/vouchers/                 200 | 4ms | [{"id":33,"entityId":1,"voucherNo":"PZ-202603-0019","voucherDate":"2026-03-01","month":"2026-03","summary":"2026-03摊销长期待摊费用，含两家公司租赁费。","department":"济南至于善","debitAccountCode":"6401.01.02","debitAccoun...(6879字符省略)
[2026-03-18T02:59:35.485Z] [10:59:35.485] [express] DELETE /api/vouchers/696              200 | 9ms | {"success":true,"message":"凭证已删除，可重新生成"}
[2026-03-18T02:59:35.493Z] [10:59:35.493] [express] GET    /api/vouchers/                 200 | 4ms | [{"id":34,"entityId":1,"voucherNo":"PZ-202603-0020","voucherDate":"2026-03-01","month":"2026-03","summary":"2026-03摊销广西南宁市爱锋商贸有限公司费用","department":"南宁百正","debitAccountCode":"6401.01.02","debitAccountN...(6482字符省略)
[2026-03-18T02:59:35.665Z] [10:59:35.663] [express] DELETE /api/vouchers/621              200 | 8ms | {"success":true,"message":"凭证已删除，可重新生成"}
[2026-03-18T02:59:35.673Z] [10:59:35.672] [express] GET    /api/vouchers/                 200 | 3ms | [{"id":35,"entityId":1,"voucherNo":"PZ-202603-0021","voucherDate":"2026-03-01","month":"2026-03","summary":"2026-03摊销视辰信息科技服务费","department":"业务运营中心","debitAccountCode":"6401.01.02","debitAccountName"...(6088字符省略)
[2026-03-18T02:59:35.838Z] [10:59:35.838] [express] DELETE /api/vouchers/1052             200 | 9ms | {"success":true,"message":"凭证已删除，可重新生成"}
[2026-03-18T02:59:35.849Z] [10:59:35.848] [express] GET    /api/vouchers/                 200 | 5ms | [{"id":36,"entityId":1,"voucherNo":"PZ-202603-0022","voucherDate":"2026-03-01","month":"2026-03","summary":"2026-03摊销太原春晓科技公司相关费用","department":"太原李建东","debitAccountCode":"6401.01.02","debitAccountNam...(5695字符省略)
[2026-03-18T02:59:36.028Z] [10:59:36.028] [express] DELETE /api/vouchers/682              200 | 7ms | {"success":true,"message":"凭证已删除，可重新生成"}
[2026-03-18T02:59:36.036Z] [10:59:36.036] [express] GET    /api/vouchers/                 200 | 3ms | [{"id":37,"entityId":1,"voucherNo":"PZ-202603-0023","voucherDate":"2026-03-01","month":"2026-03","summary":"2026-03摊销济南康艺服饰有限公司租赁费用","department":"济南奥雷","debitAccountCode":"6401.01.02","debitAccountNa...(5302字符省略)
[2026-03-18T02:59:36.212Z] [10:59:36.211] [express] DELETE /api/vouchers/658              200 | 10ms | {"success":true,"message":"凭证已删除，可重新生成"}
[2026-03-18T02:59:36.222Z] [10:59:36.221] [express] GET    /api/vouchers/                 200 | 4ms | [{"id":38,"entityId":1,"voucherNo":"PZ-202603-0024","voucherDate":"2026-03-01","month":"2026-03","summary":"2026-03摊销黑龙江天通科技开发有限公司长期费用","department":"哈尔滨傲立","debitAccountCode":"6401.01.02","debitAccou...(4908字符省略)
[2026-03-18T02:59:36.378Z] [10:59:36.377] [express] DELETE /api/vouchers/746              200 | 9ms | {"success":true,"message":"凭证已删除，可重新生成"}
[2026-03-18T02:59:36.387Z] [10:59:36.387] [express] GET    /api/vouchers/                 200 | 3ms | [{"id":39,"entityId":1,"voucherNo":"PZ-202603-0025","voucherDate":"2026-03-01","month":"2026-03","summary":"2026-03摊销南昌展联科技服务费","department":"南昌展联","debitAccountCode":"6401.01.02","debitAccountName":"...(4510字符省略)
[2026-03-18T02:59:36.560Z] [10:59:36.560] [express] DELETE /api/vouchers/842              200 | 6ms | {"success":true,"message":"凭证已删除，可重新生成"}
[2026-03-18T02:59:36.567Z] [10:59:36.566] [express] GET    /api/vouchers/                 200 | 2ms | [{"id":40,"entityId":1,"voucherNo":"PZ-202603-0026","voucherDate":"2026-03-01","month":"2026-03","summary":"2026-03摊销吉林省奥体文化发展有限公司相关费用","department":"长春鸿智","debitAccountCode":"6401.01.02","debitAccoun...(4121字符省略)
[2026-03-18T02:59:36.711Z] [10:59:36.711] [express] DELETE /api/vouchers/830              200 | 9ms | {"success":true,"message":"凭证已删除，可重新生成"}
[2026-03-18T02:59:36.720Z] [10:59:36.720] [express] GET    /api/vouchers/                 200 | 4ms | [{"id":41,"entityId":1,"voucherNo":"PZ-202603-0027","voucherDate":"2026-03-01","month":"2026-03","summary":"2026-03摊销江苏尧天服饰有限公司租赁费用","department":"江苏分公司","debitAccountCode":"6401.01.02","debitAccountN...(3727字符省略)
[2026-03-18T02:59:36.910Z] [10:59:36.909] [express] DELETE /api/vouchers/1174             200 | 9ms | {"success":true,"message":"凭证已删除，可重新生成"}
[2026-03-18T02:59:36.918Z] [10:59:36.917] [express] GET    /api/vouchers/                 200 | 3ms | [{"id":42,"entityId":1,"voucherNo":"PZ-202603-0028","voucherDate":"2026-03-01","month":"2026-03","summary":"2026-03摊销广州意态贸易等公司相关费用","department":"广州胜选","debitAccountCode":"6401.01.02","debitAccountNam...(3330字符省略)
[2026-03-18T02:59:37.109Z] [10:59:37.108] [express] DELETE /api/vouchers/1000             200 | 9ms | {"success":true,"message":"凭证已删除，可重新生成"}
[2026-03-18T02:59:37.117Z] [10:59:37.117] [express] GET    /api/vouchers/                 200 | 4ms | [{"id":43,"entityId":1,"voucherNo":"PZ-202603-0029","voucherDate":"2026-03-01","month":"2026-03","summary":"2026-03摊销网络及信息服务费用","department":"上海数睿管理咨询有限公司","debitAccountCode":"6401.01.02","debitAccoun...(2937字符省略)
[2026-03-18T02:59:37.290Z] [10:59:37.289] [express] DELETE /api/vouchers/1245             200 | 7ms | {"success":true,"message":"凭证已删除，可重新生成"}
[2026-03-18T02:59:37.300Z] [10:59:37.299] [express] GET    /api/vouchers/                 200 | 3ms | [{"id":44,"entityId":1,"voucherNo":"PZ-202603-0030","voucherDate":"2026-03-01","month":"2026-03","summary":"2026-03摊销深圳市走心文化科技有限公司服务费","department":"深圳合胜","debitAccountCode":"6401.01.02","debitAccount...(2538字符省略)
[2026-03-18T02:59:37.439Z] [10:59:37.439] [express] DELETE /api/vouchers/1209             200 | 7ms | {"success":true,"message":"凭证已删除，可重新生成"}
[2026-03-18T02:59:37.446Z] [10:59:37.445] [express] GET    /api/vouchers/                 200 | 1ms | [{"id":45,"entityId":1,"voucherNo":"PZ-202603-0031","voucherDate":"2026-03-01","month":"2026-03","summary":"2026-03摊销，支付员工薪酬相关费用。","department":"杭州万合","debitAccountCode":"6401.01.02","debitAccountName...(2143字符省略)
[2026-03-18T02:59:37.590Z] [10:59:37.590] [express] DELETE /api/vouchers/1453             200 | 8ms | {"success":true,"message":"凭证已删除，可重新生成"}
[2026-03-18T02:59:37.600Z] [10:59:37.600] [express] GET    /api/vouchers/                 200 | 3ms | [{"id":46,"entityId":1,"voucherNo":"PZ-202603-0032","voucherDate":"2026-03-01","month":"2026-03","summary":"2026-03摊销长期待摊费用","department":"南宁百正","debitAccountCode":"6401.01.02","debitAccountName":"主营业...(1750字符省略)
[2026-03-18T02:59:37.801Z] [10:59:37.800] [express] DELETE /api/vouchers/1375             200 | 8ms | {"success":true,"message":"凭证已删除，可重新生成"}
[2026-03-18T02:59:37.810Z] [10:59:37.810] [express] GET    /api/vouchers/                 200 | 4ms | [{"id":47,"entityId":1,"voucherNo":"PZ-202603-0033","voucherDate":"2026-03-01","month":"2026-03","summary":"2026-03摊销，支付商业管理服务费。","department":"杭州万合","debitAccountCode":"6401.01.02","debitAccountName"...(1365字符省略)
[2026-03-18T02:59:38.019Z] [10:59:38.018] [express] DELETE /api/vouchers/1451             200 | 9ms | {"success":true,"message":"凭证已删除，可重新生成"}
[2026-03-18T02:59:38.029Z] [10:59:38.028] [express] GET    /api/vouchers/                 200 | 4ms | [{"id":48,"entityId":1,"voucherNo":"PZ-202603-0034","voucherDate":"2026-03-01","month":"2026-03","summary":"2026-03摊销广州锐悦服饰有限公司期间费用","department":"广州胜选","debitAccountCode":"6401.01.02","debitAccountNa...(975字符省略)
[2026-03-18T02:59:38.284Z] [10:59:38.283] [express] DELETE /api/vouchers/1465             200 | 9ms | {"success":true,"message":"凭证已删除，可重新生成"}
[2026-03-18T02:59:38.293Z] [10:59:38.292] [express] GET    /api/vouchers/                 200 | 3ms | [{"id":49,"entityId":1,"voucherNo":"PZ-202603-0035","voucherDate":"2026-03-01","month":"2026-03","summary":"2026-03摊销技术服务费","department":"西安运筹","debitAccountCode":"6401.01.02","debitAccountName":"主营业务...(581字符省略)
[2026-03-18T02:59:38.594Z] [10:59:38.594] [express] DELETE /api/vouchers/1687             200 | 8ms | {"success":true,"message":"凭证已删除，可重新生成"}
[2026-03-18T02:59:38.605Z] [10:59:38.604] [express] GET    /api/vouchers/                 200 | 4ms | [{"id":50,"entityId":1,"voucherNo":"PZ-202603-0036","voucherDate":"2026-03-01","month":"2026-03","summary":"2026-03摊销乐高玩具公司相关费用","department":"上海分公司","debitAccountCode":"6401.01.02","debitAccountName"...(194字符省略)
[2026-03-18T02:59:38.882Z] [10:59:38.881] [express] DELETE /api/vouchers/1100             200 | 22ms | {"success":true,"message":"凭证已删除，可重新生成"}
[2026-03-18T02:59:38.892Z] [10:59:38.891] [express] GET    /api/vouchers/                 200 | 4ms | []
[2026-03-18T02:59:40.512Z] [10:59:40.512] [express] GET    /api/accounts                  304 | 4ms | [{"id":5,"code":"1123.02.01.01","name":"预付账款_预付账款其他_预付账款其他_正常-待摊费用","type":"credit"},{"id":16,"code":"1123.02.01.02","name":"\t预付账款_预付账款其他_预付账款其他_正常-阿里云","type":"credit"},{"id":17,"code":"1123.02.01.0...(960字符省略)
[2026-03-18T02:59:40.998Z] [10:59:40.997] [express] GET    /api/amort-table/              200 | 483ms | [{"id":595,"feeId":66,"month":"2026-03","amount":"4808.14","cumulativeAmount":"4808.14","remainingAmount":"52889.57","voucherGenerated":false,"feeName":"ME3自用2026/01/05~-","feeCode":"B25006321","feeTy...(57704字符省略)
[2026-03-18T02:59:44.081Z] [10:59:44.081] [express] GET    /api/entities                  304 | 2ms | [{"id":1,"code":"E001","name":"上海百胜软件股份有限公司","remark":"集团总部"},{"id":2,"code":"E002","name":"华东分公司","remark":"上海/江浙区域"},{"id":3,"code":"E003","name":"华南分公司","remark":"广东/福建区域"},{"id":5,"code":"E004","n...(411字符省略)
[2026-03-18T02:59:44.099Z] [10:59:44.099] [express] GET    /api/vouchers/                 200 | 6ms | []
[2026-03-18T02:59:46.547Z] [10:59:46.546] [express] GET    /api/entities                  304 | 3ms | [{"id":1,"code":"E001","name":"上海百胜软件股份有限公司","remark":"集团总部"},{"id":2,"code":"E002","name":"华东分公司","remark":"上海/江浙区域"},{"id":3,"code":"E003","name":"华南分公司","remark":"广东/福建区域"},{"id":5,"code":"E004","n...(411字符省略)
[2026-03-18T02:59:47.669Z] [10:59:47.669] [express] GET    /api/rule-templates            304 | 4ms | [{"id":3,"name":"保险费","defaultMonths":12,"method":"monthly","debitAccountId":1,"creditAccountId":5,"remark":"保险费用按保单期限摊销"},{"id":9,"name":"华为云","defaultMonths":12,"method":"monthly","debitAccountId":7...(1112字符省略)
[2026-03-18T02:59:47.672Z] [10:59:47.672] [express] GET    /api/accounts                  304 | 2ms | [{"id":5,"code":"1123.02.01.01","name":"预付账款_预付账款其他_预付账款其他_正常-待摊费用","type":"credit"},{"id":16,"code":"1123.02.01.02","name":"\t预付账款_预付账款其他_预付账款其他_正常-阿里云","type":"credit"},{"id":17,"code":"1123.02.01.0...(960字符省略)
[2026-03-18T02:59:47.685Z] [10:59:47.684] [express] GET    /api/fees/                     304 | 18ms | [{"id":178,"entityId":1,"feeCode":"SJ2021060676","feeName":"上海回力鞋业有限公司2026/02/26~2026/03/28","totalAmount":"5000.00","feeDate":"2026年2月27日","sourceRef":"云服务采购","sourceSystem":null,"department":"上海分公司"...(49266字符省略)
[2026-03-18T02:59:48.779Z] [10:59:48.779] [express] GET    /api/rule-templates            304 | 2ms | [{"id":3,"name":"保险费","defaultMonths":12,"method":"monthly","debitAccountId":1,"creditAccountId":5,"remark":"保险费用按保单期限摊销"},{"id":9,"name":"华为云","defaultMonths":12,"method":"monthly","debitAccountId":7...(1112字符省略)
[2026-03-18T02:59:48.780Z] [10:59:48.780] [express] GET    /api/entities                  304 | 4ms | [{"id":1,"code":"E001","name":"上海百胜软件股份有限公司","remark":"集团总部"},{"id":2,"code":"E002","name":"华东分公司","remark":"上海/江浙区域"},{"id":3,"code":"E003","name":"华南分公司","remark":"广东/福建区域"},{"id":5,"code":"E004","n...(411字符省略)
[2026-03-18T02:59:48.790Z] [10:59:48.790] [express] GET    /api/accounts                  304 | 13ms | [{"id":5,"code":"1123.02.01.01","name":"预付账款_预付账款其他_预付账款其他_正常-待摊费用","type":"credit"},{"id":16,"code":"1123.02.01.02","name":"\t预付账款_预付账款其他_预付账款其他_正常-阿里云","type":"credit"},{"id":17,"code":"1123.02.01.0...(960字符省略)
[2026-03-18T02:59:48.793Z] [10:59:48.793] [express] GET    /api/fees/                     304 | 15ms | [{"id":178,"entityId":1,"feeCode":"SJ2021060676","feeName":"上海回力鞋业有限公司2026/02/26~2026/03/28","totalAmount":"5000.00","feeDate":"2026年2月27日","sourceRef":"云服务采购","sourceSystem":null,"department":"上海分公司"...(49266字符省略)
[2026-03-18T02:59:52.009Z] [10:59:52.009] [express] GET    /api/accounts                  304 | 3ms | [{"id":5,"code":"1123.02.01.01","name":"预付账款_预付账款其他_预付账款其他_正常-待摊费用","type":"credit"},{"id":16,"code":"1123.02.01.02","name":"\t预付账款_预付账款其他_预付账款其他_正常-阿里云","type":"credit"},{"id":17,"code":"1123.02.01.0...(960字符省略)
[2026-03-18T02:59:52.010Z] [10:59:52.010] [express] GET    /api/rule-templates            304 | 4ms | [{"id":3,"name":"保险费","defaultMonths":12,"method":"monthly","debitAccountId":1,"creditAccountId":5,"remark":"保险费用按保单期限摊销"},{"id":9,"name":"华为云","defaultMonths":12,"method":"monthly","debitAccountId":7...(1112字符省略)
[2026-03-18T02:59:53.058Z] [10:59:53.057] [express] GET    /api/entities                  304 | 3ms | [{"id":1,"code":"E001","name":"上海百胜软件股份有限公司","remark":"集团总部"},{"id":2,"code":"E002","name":"华东分公司","remark":"上海/江浙区域"},{"id":3,"code":"E003","name":"华南分公司","remark":"广东/福建区域"},{"id":5,"code":"E004","n...(411字符省略)
[2026-03-18T02:59:53.517Z] [10:59:53.516] [express] GET    /api/amort-table/              200 | 460ms | [{"id":595,"feeId":66,"month":"2026-03","amount":"4808.14","cumulativeAmount":"4808.14","remainingAmount":"52889.57","voucherGenerated":false,"feeName":"ME3自用2026/01/05~-","feeCode":"B25006321","feeTy...(57704字符省略)
[2026-03-18T02:59:53.669Z] [10:59:53.669] [express] GET    /api/vouchers/                 304 | 2ms | []
[2026-03-18T02:59:53.956Z] [10:59:53.956] [express] GET    /api/entities                  304 | 2ms | [{"id":1,"code":"E001","name":"上海百胜软件股份有限公司","remark":"集团总部"},{"id":2,"code":"E002","name":"华东分公司","remark":"上海/江浙区域"},{"id":3,"code":"E003","name":"华南分公司","remark":"广东/福建区域"},{"id":5,"code":"E004","n...(411字符省略)
[2026-03-18T02:59:53.957Z] [10:59:53.957] [express] GET    /api/accounts                  304 | 3ms | [{"id":5,"code":"1123.02.01.01","name":"预付账款_预付账款其他_预付账款其他_正常-待摊费用","type":"credit"},{"id":16,"code":"1123.02.01.02","name":"\t预付账款_预付账款其他_预付账款其他_正常-阿里云","type":"credit"},{"id":17,"code":"1123.02.01.0...(960字符省略)
[2026-03-18T02:59:54.418Z] [10:59:54.418] [express] GET    /api/amort-table/              304 | 461ms | [{"id":595,"feeId":66,"month":"2026-03","amount":"4808.14","cumulativeAmount":"4808.14","remainingAmount":"52889.57","voucherGenerated":false,"feeName":"ME3自用2026/01/05~-","feeCode":"B25006321","feeTy...(57704字符省略)
[2026-03-18T02:59:57.621Z] [10:59:57.620] [express] GET    /api/accounts                  304 | 2ms | [{"id":5,"code":"1123.02.01.01","name":"预付账款_预付账款其他_预付账款其他_正常-待摊费用","type":"credit"},{"id":16,"code":"1123.02.01.02","name":"\t预付账款_预付账款其他_预付账款其他_正常-阿里云","type":"credit"},{"id":17,"code":"1123.02.01.0...(960字符省略)
[2026-03-18T02:59:58.520Z] [10:59:58.520] [express] GET    /api/entities                  304 | 3ms | [{"id":1,"code":"E001","name":"上海百胜软件股份有限公司","remark":"集团总部"},{"id":2,"code":"E002","name":"华东分公司","remark":"上海/江浙区域"},{"id":3,"code":"E003","name":"华南分公司","remark":"广东/福建区域"},{"id":5,"code":"E004","n...(411字符省略)
[2026-03-18T02:59:58.521Z] [10:59:58.521] [express] GET    /api/vouchers/                 304 | 3ms | []
[2026-03-18T02:59:59.425Z] [10:59:59.425] [express] GET    /api/entities                  304 | 2ms | [{"id":1,"code":"E001","name":"上海百胜软件股份有限公司","remark":"集团总部"},{"id":2,"code":"E002","name":"华东分公司","remark":"上海/江浙区域"},{"id":3,"code":"E003","name":"华南分公司","remark":"广东/福建区域"},{"id":5,"code":"E004","n...(411字符省略)
[2026-03-18T02:59:59.426Z] [10:59:59.426] [express] GET    /api/vouchers/                 304 | 3ms | []
[2026-03-18T03:00:07.534Z] [11:00:07.534] [express] DELETE /api/entries/595               200 | 7ms | {"success":true,"message":"摊销明细已删除"}
[2026-03-18T03:00:07.983Z] [11:00:07.982] [express] GET    /api/amort-table/              200 | 440ms | [{"id":854,"feeId":81,"month":"2026-03","amount":"728.50","cumulativeAmount":"728.50","remainingAmount":"8013.50","voucherGenerated":false,"feeName":"2026年EWAP产品内部使用部署费用2026/01/20~-","feeCode":"B25006...(57273字符省略)
[2026-03-18T03:00:08.148Z] [11:00:08.147] [express] DELETE /api/entries/854               200 | 6ms | {"success":true,"message":"摊销明细已删除"}
[2026-03-18T03:00:08.556Z] [11:00:08.555] [express] DELETE /api/entries/854               404 | 2ms | {"message":"摊销明细不存在"}
[2026-03-18T03:00:08.631Z] [11:00:08.631] [express] GET    /api/amort-table/              200 | 471ms | [{"id":607,"feeId":67,"month":"2026-03","amount":"2139.62","cumulativeAmount":"2139.62","remainingAmount":"23535.84","voucherGenerated":false,"feeName":"研发赋能中心harbor，26年续费2026/01/05~2025/12/31","feeCo...(56835字符省略)
[2026-03-18T03:00:08.986Z] [11:00:08.985] [express] DELETE /api/entries/607               200 | 7ms | {"success":true,"message":"摊销明细已删除"}
[2026-03-18T03:00:09.470Z] [11:00:09.469] [express] GET    /api/amort-table/              200 | 473ms | [{"id":805,"feeId":77,"month":"2026-03","amount":"434.58","cumulativeAmount":"434.58","remainingAmount":"4780.42","voucherGenerated":true,"feeName":"共享风控服务器年续费2026/01/13~2025/12/31","feeCode":"B260000...(56386字符省略)
[2026-03-18T03:00:10.642Z] [11:00:10.641] [express] DELETE /api/entries/1222              200 | 6ms | {"success":true,"message":"摊销明细已删除"}
[2026-03-18T03:00:11.119Z] [11:00:11.118] [express] GET    /api/amort-table/              200 | 462ms | [{"id":805,"feeId":77,"month":"2026-03","amount":"434.58","cumulativeAmount":"434.58","remainingAmount":"4780.42","voucherGenerated":true,"feeName":"共享风控服务器年续费2026/01/13~2025/12/31","feeCode":"B260000...(55911字符省略)
[2026-03-18T03:00:11.752Z] [11:00:11.751] [express] DELETE /api/entries/897               200 | 6ms | {"success":true,"message":"摊销明细已删除"}
[2026-03-18T03:00:12.299Z] [11:00:12.299] [express] GET    /api/amort-table/              200 | 537ms | [{"id":793,"feeId":76,"month":"2026-03","amount":"116.66","cumulativeAmount":"116.66","remainingAmount":"1283.34","voucherGenerated":true,"feeName":"E3Cloud华为云云防火墙2025年12月采购费用\n2026/01/13~2025/12/31",...(55468字符省略)
[2026-03-18T03:00:16.111Z] [11:00:16.111] [express] DELETE /api/entries/867               200 | 8ms | {"success":true,"message":"摊销明细已删除"}
[2026-03-18T03:00:16.570Z] [11:00:16.570] [express] GET    /api/amort-table/              200 | 448ms | [{"id":805,"feeId":77,"month":"2026-03","amount":"434.58","cumulativeAmount":"434.58","remainingAmount":"4780.42","voucherGenerated":true,"feeName":"共享风控服务器年续费2026/01/13~2025/12/31","feeCode":"B260000...(55016字符省略)
[2026-03-18T03:00:18.229Z] [11:00:18.228] [express] DELETE /api/entries/969               200 | 7ms | {"success":true,"message":"摊销明细已删除"}
[2026-03-18T03:00:18.670Z] [11:00:18.669] [express] GET    /api/amort-table/              200 | 430ms | [{"id":805,"feeId":77,"month":"2026-03","amount":"434.58","cumulativeAmount":"434.58","remainingAmount":"4780.42","voucherGenerated":true,"feeName":"共享风控服务器年续费2026/01/13~2025/12/31","feeCode":"B260000...(54567字符省略)
[2026-03-18T03:00:19.389Z] [11:00:19.388] [express] DELETE /api/entries/971               200 | 6ms | {"success":true,"message":"摊销明细已删除"}
[2026-03-18T03:00:19.836Z] [11:00:19.835] [express] GET    /api/amort-table/              200 | 436ms | [{"id":805,"feeId":77,"month":"2026-03","amount":"434.58","cumulativeAmount":"434.58","remainingAmount":"4780.42","voucherGenerated":true,"feeName":"共享风控服务器年续费2026/01/13~2025/12/31","feeCode":"B260000...(54126字符省略)
[2026-03-18T03:00:20.966Z] [11:00:20.966] [express] DELETE /api/entries/1581              200 | 4ms | {"success":true,"message":"摊销明细已删除"}
[2026-03-18T03:00:21.414Z] [11:00:21.414] [express] GET    /api/amort-table/              200 | 434ms | [{"id":805,"feeId":77,"month":"2026-03","amount":"434.58","cumulativeAmount":"434.58","remainingAmount":"4780.42","voucherGenerated":true,"feeName":"共享风控服务器年续费2026/01/13~2025/12/31","feeCode":"B260000...(53642字符省略)
[2026-03-18T03:00:22.479Z] [11:00:22.477] [express] DELETE /api/entries/1579              200 | 6ms | {"success":true,"message":"摊销明细已删除"}
[2026-03-18T03:00:22.916Z] [11:00:22.915] [express] GET    /api/amort-table/              200 | 428ms | [{"id":805,"feeId":77,"month":"2026-03","amount":"434.58","cumulativeAmount":"434.58","remainingAmount":"4780.42","voucherGenerated":true,"feeName":"共享风控服务器年续费2026/01/13~2025/12/31","feeCode":"B260000...(53186字符省略)
[2026-03-18T03:00:23.800Z] [11:00:23.800] [express] DELETE /api/entries/1549              200 | 7ms | {"success":true,"message":"摊销明细已删除"}
[2026-03-18T03:00:24.226Z] [11:00:24.225] [express] GET    /api/amort-table/              200 | 417ms | [{"id":805,"feeId":77,"month":"2026-03","amount":"434.58","cumulativeAmount":"434.58","remainingAmount":"4780.42","voucherGenerated":true,"feeName":"共享风控服务器年续费2026/01/13~2025/12/31","feeCode":"B260000...(52745字符省略)
[2026-03-18T03:00:25.006Z] [11:00:25.005] [express] DELETE /api/entries/1728              200 | 5ms | {"success":true,"message":"摊销明细已删除"}
[2026-03-18T03:00:25.444Z] [11:00:25.443] [express] GET    /api/amort-table/              200 | 426ms | [{"id":805,"feeId":77,"month":"2026-03","amount":"434.58","cumulativeAmount":"434.58","remainingAmount":"4780.42","voucherGenerated":true,"feeName":"共享风控服务器年续费2026/01/13~2025/12/31","feeCode":"B260000...(52298字符省略)
[2026-03-18T03:00:26.714Z] [11:00:26.713] [express] DELETE /api/entries/1363              200 | 6ms | {"success":true,"message":"摊销明细已删除"}
[2026-03-18T03:00:27.116Z] [11:00:27.115] [express] GET    /api/amort-table/              200 | 391ms | [{"id":793,"feeId":76,"month":"2026-03","amount":"116.66","cumulativeAmount":"116.66","remainingAmount":"1283.34","voucherGenerated":true,"feeName":"E3Cloud华为云云防火墙2025年12月采购费用\n2026/01/13~2025/12/31",...(51849字符省略)
[2026-03-18T03:00:27.281Z] [11:00:27.280] [express] DELETE /api/entries/1518              200 | 38ms | {"success":true,"message":"摊销明细已删除"}
[2026-03-18T03:00:27.694Z] [11:00:27.693] [express] GET    /api/amort-table/              200 | 404ms | [{"id":805,"feeId":77,"month":"2026-03","amount":"434.58","cumulativeAmount":"434.58","remainingAmount":"4780.42","voucherGenerated":true,"feeName":"共享风控服务器年续费2026/01/13~2025/12/31","feeCode":"B260000...(51405字符省略)
[2026-03-18T03:00:28.531Z] [11:00:28.530] [express] DELETE /api/entries/1723              200 | 6ms | {"success":true,"message":"摊销明细已删除"}
[2026-03-18T03:00:28.936Z] [11:00:28.935] [express] GET    /api/amort-table/              200 | 395ms | [{"id":805,"feeId":77,"month":"2026-03","amount":"434.58","cumulativeAmount":"434.58","remainingAmount":"4780.42","voucherGenerated":true,"feeName":"共享风控服务器年续费2026/01/13~2025/12/31","feeCode":"B260000...(50956字符省略)
[2026-03-18T03:00:29.720Z] [11:00:29.719] [express] DELETE /api/entries/1798              200 | 6ms | {"success":true,"message":"摊销明细已删除"}
[2026-03-18T03:00:30.123Z] [11:00:30.122] [express] GET    /api/amort-table/              200 | 391ms | [{"id":805,"feeId":77,"month":"2026-03","amount":"434.58","cumulativeAmount":"434.58","remainingAmount":"4780.42","voucherGenerated":true,"feeName":"共享风控服务器年续费2026/01/13~2025/12/31","feeCode":"B260000...(50513字符省略)
[2026-03-18T03:00:51.527Z] [11:00:51.527] [express] GET    /api/vouchers/                 200 | 20ms | []
[2026-03-18T03:00:52.993Z] [11:00:52.992] [express] GET    /api/vouchers/                 200 | 3ms | []
[2026-03-18T03:00:54.471Z] [11:00:54.471] [express] GET    /api/vouchers/                 200 | 4ms | []
[2026-03-18T03:00:56.795Z] [11:00:56.795] [express] GET    /api/vouchers/                 200 | 4ms | []
[2026-03-18T03:01:00.020Z] [11:01:00.020] [express] GET    /api/vouchers/                 200 | 3ms | []
[2026-03-18T03:01:03.107Z] [11:01:03.106] [express] GET    /api/rule-templates            304 | 5ms | [{"id":3,"name":"保险费","defaultMonths":12,"method":"monthly","debitAccountId":1,"creditAccountId":5,"remark":"保险费用按保单期限摊销"},{"id":9,"name":"华为云","defaultMonths":12,"method":"monthly","debitAccountId":7...(1112字符省略)
[2026-03-18T03:01:06.235Z] [11:01:06.234] [express] GET    /api/rule-templates            304 | 5ms | [{"id":3,"name":"保险费","defaultMonths":12,"method":"monthly","debitAccountId":1,"creditAccountId":5,"remark":"保险费用按保单期限摊销"},{"id":9,"name":"华为云","defaultMonths":12,"method":"monthly","debitAccountId":7...(1112字符省略)
[2026-03-18T03:01:06.250Z] [11:01:06.250] [express] GET    /api/accounts                  304 | 18ms | [{"id":5,"code":"1123.02.01.01","name":"预付账款_预付账款其他_预付账款其他_正常-待摊费用","type":"credit"},{"id":16,"code":"1123.02.01.02","name":"\t预付账款_预付账款其他_预付账款其他_正常-阿里云","type":"credit"},{"id":17,"code":"1123.02.01.0...(960字符省略)
[2026-03-18T03:01:06.937Z] [11:01:06.937] [express] GET    /api/entities                  304 | 2ms | [{"id":1,"code":"E001","name":"上海百胜软件股份有限公司","remark":"集团总部"},{"id":2,"code":"E002","name":"华东分公司","remark":"上海/江浙区域"},{"id":3,"code":"E003","name":"华南分公司","remark":"广东/福建区域"},{"id":5,"code":"E004","n...(411字符省略)
[2026-03-18T03:01:06.959Z] [11:01:06.958] [express] GET    /api/vouchers/                 304 | 7ms | []
[2026-03-18T03:01:07.492Z] [11:01:07.491] [express] GET    /api/entities                  304 | 2ms | [{"id":1,"code":"E001","name":"上海百胜软件股份有限公司","remark":"集团总部"},{"id":2,"code":"E002","name":"华东分公司","remark":"上海/江浙区域"},{"id":3,"code":"E003","name":"华南分公司","remark":"广东/福建区域"},{"id":5,"code":"E004","n...(411字符省略)
[2026-03-18T03:01:07.881Z] [11:01:07.881] [express] GET    /api/amort-table/              304 | 390ms | [{"id":805,"feeId":77,"month":"2026-03","amount":"434.58","cumulativeAmount":"434.58","remainingAmount":"4780.42","voucherGenerated":true,"feeName":"共享风控服务器年续费2026/01/13~2025/12/31","feeCode":"B260000...(50513字符省略)
[2026-03-18T03:01:08.578Z] [11:01:08.578] [express] GET    /api/accounts                  304 | 2ms | [{"id":5,"code":"1123.02.01.01","name":"预付账款_预付账款其他_预付账款其他_正常-待摊费用","type":"credit"},{"id":16,"code":"1123.02.01.02","name":"\t预付账款_预付账款其他_预付账款其他_正常-阿里云","type":"credit"},{"id":17,"code":"1123.02.01.0...(960字符省略)
[2026-03-18T03:01:09.502Z] [11:01:09.501] [express] GET    /api/amort-table/              200 | 386ms | [{"id":805,"feeId":77,"month":"2026-03","amount":"434.58","cumulativeAmount":"434.58","remainingAmount":"4780.42","voucherGenerated":true,"feeName":"共享风控服务器年续费2026/01/13~2025/12/31","feeCode":"B260000...(50513字符省略)
[2026-03-18T03:01:10.717Z] [11:01:10.717] [express] GET    /api/entities                  304 | 2ms | [{"id":1,"code":"E001","name":"上海百胜软件股份有限公司","remark":"集团总部"},{"id":2,"code":"E002","name":"华东分公司","remark":"上海/江浙区域"},{"id":3,"code":"E003","name":"华南分公司","remark":"广东/福建区域"},{"id":5,"code":"E004","n...(411字符省略)
[2026-03-18T03:01:11.571Z] [11:01:11.570] [express] GET    /api/rule-templates            304 | 2ms | [{"id":3,"name":"保险费","defaultMonths":12,"method":"monthly","debitAccountId":1,"creditAccountId":5,"remark":"保险费用按保单期限摊销"},{"id":9,"name":"华为云","defaultMonths":12,"method":"monthly","debitAccountId":7...(1112字符省略)
[2026-03-18T03:01:11.576Z] [11:01:11.575] [express] GET    /api/accounts                  304 | 1ms | [{"id":5,"code":"1123.02.01.01","name":"预付账款_预付账款其他_预付账款其他_正常-待摊费用","type":"credit"},{"id":16,"code":"1123.02.01.02","name":"\t预付账款_预付账款其他_预付账款其他_正常-阿里云","type":"credit"},{"id":17,"code":"1123.02.01.0...(960字符省略)
[2026-03-18T03:01:11.578Z] [11:01:11.577] [express] GET    /api/fees/                     304 | 4ms | [{"id":178,"entityId":1,"feeCode":"SJ2021060676","feeName":"上海回力鞋业有限公司2026/02/26~2026/03/28","totalAmount":"5000.00","feeDate":"2026年2月27日","sourceRef":"云服务采购","sourceSystem":null,"department":"上海分公司"...(49266字符省略)
[2026-03-18T03:01:12.321Z] [11:01:12.321] [express] GET    /api/entities                  304 | 2ms | [{"id":1,"code":"E001","name":"上海百胜软件股份有限公司","remark":"集团总部"},{"id":2,"code":"E002","name":"华东分公司","remark":"上海/江浙区域"},{"id":3,"code":"E003","name":"华南分公司","remark":"广东/福建区域"},{"id":5,"code":"E004","n...(411字符省略)
[2026-03-18T03:01:12.322Z] [11:01:12.322] [express] GET    /api/rule-templates            304 | 3ms | [{"id":3,"name":"保险费","defaultMonths":12,"method":"monthly","debitAccountId":1,"creditAccountId":5,"remark":"保险费用按保单期限摊销"},{"id":9,"name":"华为云","defaultMonths":12,"method":"monthly","debitAccountId":7...(1112字符省略)
[2026-03-18T03:01:12.334Z] [11:01:12.333] [express] GET    /api/accounts                  304 | 13ms | [{"id":5,"code":"1123.02.01.01","name":"预付账款_预付账款其他_预付账款其他_正常-待摊费用","type":"credit"},{"id":16,"code":"1123.02.01.02","name":"\t预付账款_预付账款其他_预付账款其他_正常-阿里云","type":"credit"},{"id":17,"code":"1123.02.01.0...(960字符省略)
[2026-03-18T03:01:12.336Z] [11:01:12.335] [express] GET    /api/fees/                     304 | 16ms | [{"id":178,"entityId":1,"feeCode":"SJ2021060676","feeName":"上海回力鞋业有限公司2026/02/26~2026/03/28","totalAmount":"5000.00","feeDate":"2026年2月27日","sourceRef":"云服务采购","sourceSystem":null,"department":"上海分公司"...(49266字符省略)
[2026-03-18T03:01:14.373Z] [11:01:14.373] [express] DELETE /api/entries/1100              200 | 6ms | {"success":true,"message":"摊销明细已删除"}
[2026-03-18T03:01:14.766Z] [11:01:14.765] [express] GET    /api/amort-table/              200 | 382ms | [{"id":793,"feeId":76,"month":"2026-03","amount":"116.66","cumulativeAmount":"116.66","remainingAmount":"1283.34","voucherGenerated":true,"feeName":"E3Cloud华为云云防火墙2025年12月采购费用\n2026/01/13~2025/12/31",...(50069字符省略)
[2026-03-18T03:01:15.652Z] [11:01:15.651] [express] DELETE /api/entries/1687              200 | 6ms | {"success":true,"message":"摊销明细已删除"}
[2026-03-18T03:01:16.041Z] [11:01:16.040] [express] GET    /api/amort-table/              200 | 375ms | [{"id":793,"feeId":76,"month":"2026-03","amount":"116.66","cumulativeAmount":"116.66","remainingAmount":"1283.34","voucherGenerated":true,"feeName":"E3Cloud华为云云防火墙2025年12月采购费用\n2026/01/13~2025/12/31",...(49626字符省略)
[2026-03-18T03:01:26.795Z] [11:01:26.794] [express] DELETE /api/entries/1196              200 | 22ms | {"success":true,"message":"摊销明细已删除"}
[2026-03-18T03:01:27.219Z] [11:01:27.218] [express] GET    /api/amort-table/              200 | 419ms | [{"id":805,"feeId":77,"month":"2026-03","amount":"434.58","cumulativeAmount":"434.58","remainingAmount":"4780.42","voucherGenerated":true,"feeName":"共享风控服务器年续费2026/01/13~2025/12/31","feeCode":"B260000...(49181字符省略)
[2026-03-18T03:01:29.172Z] [11:01:29.172] [express] DELETE /api/entries/407               200 | 5ms | {"success":true,"message":"摊销明细已删除"}
[2026-03-18T03:01:29.548Z] [11:01:29.547] [express] GET    /api/amort-table/              200 | 364ms | [{"id":805,"feeId":77,"month":"2026-03","amount":"434.58","cumulativeAmount":"434.58","remainingAmount":"4780.42","voucherGenerated":true,"feeName":"共享风控服务器年续费2026/01/13~2025/12/31","feeCode":"B260000...(48722字符省略)
[2026-03-18T03:01:30.292Z] [11:01:30.291] [express] DELETE /api/entries/444               200 | 6ms | {"success":true,"message":"摊销明细已删除"}
[2026-03-18T03:01:30.683Z] [11:01:30.682] [express] GET    /api/amort-table/              200 | 381ms | [{"id":793,"feeId":76,"month":"2026-03","amount":"116.66","cumulativeAmount":"116.66","remainingAmount":"1283.34","voucherGenerated":true,"feeName":"E3Cloud华为云云防火墙2025年12月采购费用\n2026/01/13~2025/12/31",...(48264字符省略)
[2026-03-18T03:01:32.202Z] [11:01:32.201] [express] DELETE /api/entries/696               200 | 4ms | {"success":true,"message":"摊销明细已删除"}
[2026-03-18T03:01:32.596Z] [11:01:32.595] [express] GET    /api/amort-table/              200 | 383ms | [{"id":793,"feeId":76,"month":"2026-03","amount":"116.66","cumulativeAmount":"116.66","remainingAmount":"1283.34","voucherGenerated":true,"feeName":"E3Cloud华为云云防火墙2025年12月采购费用\n2026/01/13~2025/12/31",...(47816字符省略)
[2026-03-18T03:01:33.532Z] [11:01:33.531] [express] DELETE /api/entries/621               200 | 6ms | {"success":true,"message":"摊销明细已删除"}
[2026-03-18T03:01:33.923Z] [11:01:33.922] [express] GET    /api/amort-table/              200 | 378ms | [{"id":805,"feeId":77,"month":"2026-03","amount":"434.58","cumulativeAmount":"434.58","remainingAmount":"4780.42","voucherGenerated":true,"feeName":"共享风控服务器年续费2026/01/13~2025/12/31","feeCode":"B260000...(47368字符省略)
[2026-03-18T03:01:34.161Z] [11:01:34.160] [express] DELETE /api/entries/682               200 | 5ms | {"success":true,"message":"摊销明细已删除"}
[2026-03-18T03:01:34.518Z] [11:01:34.517] [express] GET    /api/amort-table/              200 | 346ms | [{"id":805,"feeId":77,"month":"2026-03","amount":"434.58","cumulativeAmount":"434.58","remainingAmount":"4780.42","voucherGenerated":true,"feeName":"共享风控服务器年续费2026/01/13~2025/12/31","feeCode":"B260000...(46929字符省略)
[2026-03-18T03:01:35.039Z] [11:01:35.038] [express] DELETE /api/entries/1052              200 | 6ms | {"success":true,"message":"摊销明细已删除"}
[2026-03-18T03:01:35.421Z] [11:01:35.421] [express] GET    /api/amort-table/              200 | 374ms | [{"id":805,"feeId":77,"month":"2026-03","amount":"434.58","cumulativeAmount":"434.58","remainingAmount":"4780.42","voucherGenerated":true,"feeName":"共享风控服务器年续费2026/01/13~2025/12/31","feeCode":"B260000...(46484字符省略)
[2026-03-18T03:01:37.411Z] [11:01:37.410] [express] DELETE /api/entries/658               200 | 6ms | {"success":true,"message":"摊销明细已删除"}
[2026-03-18T03:01:37.776Z] [11:01:37.776] [express] GET    /api/amort-table/              200 | 357ms | [{"id":805,"feeId":77,"month":"2026-03","amount":"434.58","cumulativeAmount":"434.58","remainingAmount":"4780.42","voucherGenerated":true,"feeName":"共享风控服务器年续费2026/01/13~2025/12/31","feeCode":"B260000...(46040字符省略)
[2026-03-18T03:01:38.593Z] [11:01:38.592] [express] DELETE /api/entries/842               200 | 6ms | {"success":true,"message":"摊销明细已删除"}
[2026-03-18T03:01:38.949Z] [11:01:38.949] [express] GET    /api/amort-table/              200 | 348ms | [{"id":805,"feeId":77,"month":"2026-03","amount":"434.58","cumulativeAmount":"434.58","remainingAmount":"4780.42","voucherGenerated":true,"feeName":"共享风控服务器年续费2026/01/13~2025/12/31","feeCode":"B260000...(45603字符省略)
[2026-03-18T03:01:39.778Z] [11:01:39.778] [express] DELETE /api/entries/746               200 | 5ms | {"success":true,"message":"摊销明细已删除"}
[2026-03-18T03:01:40.123Z] [11:01:40.122] [express] GET    /api/amort-table/              200 | 335ms | [{"id":805,"feeId":77,"month":"2026-03","amount":"434.58","cumulativeAmount":"434.58","remainingAmount":"4780.42","voucherGenerated":true,"feeName":"共享风控服务器年续费2026/01/13~2025/12/31","feeCode":"B260000...(45154字符省略)
[2026-03-18T03:01:41.181Z] [11:01:41.181] [express] DELETE /api/entries/1174              200 | 6ms | {"success":true,"message":"摊销明细已删除"}
[2026-03-18T03:01:41.540Z] [11:01:41.539] [express] GET    /api/amort-table/              200 | 350ms | [{"id":793,"feeId":76,"month":"2026-03","amount":"116.66","cumulativeAmount":"116.66","remainingAmount":"1283.34","voucherGenerated":true,"feeName":"E3Cloud华为云云防火墙2025年12月采购费用\n2026/01/13~2025/12/31",...(44707字符省略)
[2026-03-18T03:01:42.418Z] [11:01:42.417] [express] DELETE /api/entries/830               200 | 6ms | {"success":true,"message":"摊销明细已删除"}
[2026-03-18T03:01:42.775Z] [11:01:42.775] [express] GET    /api/amort-table/              200 | 348ms | [{"id":805,"feeId":77,"month":"2026-03","amount":"434.58","cumulativeAmount":"434.58","remainingAmount":"4780.42","voucherGenerated":true,"feeName":"共享风控服务器年续费2026/01/13~2025/12/31","feeCode":"B260000...(44269字符省略)
[2026-03-18T03:01:45.074Z] [11:01:45.073] [express] DELETE /api/entries/1245              200 | 4ms | {"success":true,"message":"摊销明细已删除"}
[2026-03-18T03:01:45.401Z] [11:01:45.401] [express] GET    /api/amort-table/              200 | 319ms | [{"id":805,"feeId":77,"month":"2026-03","amount":"434.58","cumulativeAmount":"434.58","remainingAmount":"4780.42","voucherGenerated":true,"feeName":"共享风控服务器年续费2026/01/13~2025/12/31","feeCode":"B260000...(43813字符省略)
[2026-03-18T03:01:46.275Z] [11:01:46.274] [express] DELETE /api/entries/1209              200 | 5ms | {"success":true,"message":"摊销明细已删除"}
[2026-03-18T03:01:46.614Z] [11:01:46.613] [express] GET    /api/amort-table/              200 | 332ms | [{"id":805,"feeId":77,"month":"2026-03","amount":"434.58","cumulativeAmount":"434.58","remainingAmount":"4780.42","voucherGenerated":true,"feeName":"共享风控服务器年续费2026/01/13~2025/12/31","feeCode":"B260000...(43367字符省略)
[2026-03-18T03:01:47.660Z] [11:01:47.659] [express] DELETE /api/entries/996               200 | 4ms | {"success":true,"message":"摊销明细已删除"}
[2026-03-18T03:01:47.981Z] [11:01:47.980] [express] GET    /api/amort-table/              200 | 311ms | [{"id":805,"feeId":77,"month":"2026-03","amount":"434.58","cumulativeAmount":"434.58","remainingAmount":"4780.42","voucherGenerated":true,"feeName":"共享风控服务器年续费2026/01/13~2025/12/31","feeCode":"B260000...(42921字符省略)
[2026-03-18T03:01:48.991Z] [11:01:48.990] [express] DELETE /api/entries/1000              200 | 8ms | {"success":true,"message":"摊销明细已删除"}
[2026-03-18T03:01:49.331Z] [11:01:49.331] [express] GET    /api/amort-table/              200 | 335ms | [{"id":805,"feeId":77,"month":"2026-03","amount":"434.58","cumulativeAmount":"434.58","remainingAmount":"4780.42","voucherGenerated":true,"feeName":"共享风控服务器年续费2026/01/13~2025/12/31","feeCode":"B260000...(42454字符省略)
[2026-03-18T03:01:50.873Z] [11:01:50.872] [express] DELETE /api/entries/1465              200 | 7ms | {"success":true,"message":"摊销明细已删除"}
[2026-03-18T03:01:51.200Z] [11:01:51.200] [express] GET    /api/amort-table/              200 | 320ms | [{"id":805,"feeId":77,"month":"2026-03","amount":"434.58","cumulativeAmount":"434.58","remainingAmount":"4780.42","voucherGenerated":true,"feeName":"共享风控服务器年续费2026/01/13~2025/12/31","feeCode":"B260000...(42012字符省略)
[2026-03-18T03:01:51.583Z] [11:01:51.582] [express] DELETE /api/entries/1451              200 | 4ms | {"success":true,"message":"摊销明细已删除"}
[2026-03-18T03:01:51.901Z] [11:01:51.900] [express] GET    /api/amort-table/              200 | 309ms | [{"id":805,"feeId":77,"month":"2026-03","amount":"434.58","cumulativeAmount":"434.58","remainingAmount":"4780.42","voucherGenerated":true,"feeName":"共享风控服务器年续费2026/01/13~2025/12/31","feeCode":"B260000...(41567字符省略)
[2026-03-18T03:01:52.858Z] [11:01:52.857] [express] DELETE /api/entries/1257              200 | 5ms | {"success":true,"message":"摊销明细已删除"}
[2026-03-18T03:01:53.170Z] [11:01:53.170] [express] GET    /api/amort-table/              200 | 305ms | [{"id":805,"feeId":77,"month":"2026-03","amount":"434.58","cumulativeAmount":"434.58","remainingAmount":"4780.42","voucherGenerated":true,"feeName":"共享风控服务器年续费2026/01/13~2025/12/31","feeCode":"B260000...(41117字符省略)
[2026-03-18T03:01:54.317Z] [11:01:54.316] [express] DELETE /api/entries/1453              200 | 6ms | {"success":true,"message":"摊销明细已删除"}
[2026-03-18T03:01:54.650Z] [11:01:54.650] [express] GET    /api/amort-table/              200 | 327ms | [{"id":805,"feeId":77,"month":"2026-03","amount":"434.58","cumulativeAmount":"434.58","remainingAmount":"4780.42","voucherGenerated":true,"feeName":"共享风控服务器年续费2026/01/13~2025/12/31","feeCode":"B260000...(40679字符省略)
[2026-03-18T03:01:56.308Z] [11:01:56.308] [express] DELETE /api/entries/1375              200 | 6ms | {"success":true,"message":"摊销明细已删除"}
[2026-03-18T03:01:56.627Z] [11:01:56.627] [express] GET    /api/amort-table/              200 | 310ms | [{"id":805,"feeId":77,"month":"2026-03","amount":"434.58","cumulativeAmount":"434.58","remainingAmount":"4780.42","voucherGenerated":true,"feeName":"共享风控服务器年续费2026/01/13~2025/12/31","feeCode":"B260000...(40240字符省略)
[2026-03-18T03:02:01.819Z] [11:02:01.818] [express] GET    /api/entities                  304 | 3ms | [{"id":1,"code":"E001","name":"上海百胜软件股份有限公司","remark":"集团总部"},{"id":2,"code":"E002","name":"华东分公司","remark":"上海/江浙区域"},{"id":3,"code":"E003","name":"华南分公司","remark":"广东/福建区域"},{"id":5,"code":"E004","n...(411字符省略)
[2026-03-18T03:02:01.836Z] [11:02:01.835] [express] GET    /api/accounts                  304 | 19ms | [{"id":5,"code":"1123.02.01.01","name":"预付账款_预付账款其他_预付账款其他_正常-待摊费用","type":"credit"},{"id":16,"code":"1123.02.01.02","name":"\t预付账款_预付账款其他_预付账款其他_正常-阿里云","type":"credit"},{"id":17,"code":"1123.02.01.0...(960字符省略)
[2026-03-18T03:02:02.117Z] [11:02:02.116] [express] GET    /api/amort-table/              304 | 296ms | [{"id":805,"feeId":77,"month":"2026-03","amount":"434.58","cumulativeAmount":"434.58","remainingAmount":"4780.42","voucherGenerated":true,"feeName":"共享风控服务器年续费2026/01/13~2025/12/31","feeCode":"B260000...(40240字符省略)
[2026-03-18T03:02:11.650Z] [11:02:11.649] [express] GET    /api/vouchers/                 304 | 4ms | []
[2026-03-18T03:02:30.489Z] [11:02:30.488] [express] GET    /api/rule-templates            304 | 17ms | [{"id":3,"name":"保险费","defaultMonths":12,"method":"monthly","debitAccountId":1,"creditAccountId":5,"remark":"保险费用按保单期限摊销"},{"id":9,"name":"华为云","defaultMonths":12,"method":"monthly","debitAccountId":7...(1112字符省略)
[2026-03-18T03:02:30.494Z] [11:02:30.494] [express] GET    /api/fees/                     304 | 24ms | [{"id":178,"entityId":1,"feeCode":"SJ2021060676","feeName":"上海回力鞋业有限公司2026/02/26~2026/03/28","totalAmount":"5000.00","feeDate":"2026年2月27日","sourceRef":"云服务采购","sourceSystem":null,"department":"上海分公司"...(49266字符省略)
[2026-03-18T03:04:01.634Z] [11:04:01.622] [express] serving on port 5100
[2026-03-18T03:04:06.513Z] [11:04:06.513] [express] GET    /api/entities                  304 | 7ms | [{"id":1,"code":"E001","name":"上海百胜软件股份有限公司","remark":"集团总部"},{"id":2,"code":"E002","name":"华东分公司","remark":"上海/江浙区域"},{"id":3,"code":"E003","name":"华南分公司","remark":"广东/福建区域"},{"id":5,"code":"E004","n...(411字符省略)
[2026-03-18T03:04:06.527Z] [11:04:06.526] [express] GET    /api/rule-templates            304 | 18ms | [{"id":3,"name":"保险费","defaultMonths":12,"method":"monthly","debitAccountId":1,"creditAccountId":5,"remark":"保险费用按保单期限摊销"},{"id":9,"name":"华为云","defaultMonths":12,"method":"monthly","debitAccountId":7...(1112字符省略)
[2026-03-18T03:04:06.528Z] [11:04:06.528] [express] GET    /api/accounts                  304 | 19ms | [{"id":5,"code":"1123.02.01.01","name":"预付账款_预付账款其他_预付账款其他_正常-待摊费用","type":"credit"},{"id":16,"code":"1123.02.01.02","name":"\t预付账款_预付账款其他_预付账款其他_正常-阿里云","type":"credit"},{"id":17,"code":"1123.02.01.0...(960字符省略)
[2026-03-18T03:04:06.532Z] [11:04:06.532] [express] GET    /api/fees/                     304 | 22ms | [{"id":178,"entityId":1,"feeCode":"SJ2021060676","feeName":"上海回力鞋业有限公司2026/02/26~2026/03/28","totalAmount":"5000.00","feeDate":"2026年2月27日","sourceRef":"云服务采购","sourceSystem":null,"department":"上海分公司"...(49266字符省略)
[2026-03-18T03:04:13.226Z] [11:04:13.225] [express] GET    /api/amort-table/              200 | 340ms | [{"id":805,"feeId":77,"month":"2026-03","amount":"434.58","cumulativeAmount":"434.58","remainingAmount":"4780.42","voucherGenerated":true,"feeName":"共享风控服务器年续费2026/01/13~2025/12/31","feeCode":"B260000...(40240字符省略)
[2026-03-18T03:04:17.304Z] [11:04:17.304] [express] GET    /api/vouchers/                 304 | 4ms | []
[2026-03-18T03:04:22.773Z] [11:04:22.772] [express] GET    /api/fees/                     304 | 6ms | [{"id":178,"entityId":1,"feeCode":"SJ2021060676","feeName":"上海回力鞋业有限公司2026/02/26~2026/03/28","totalAmount":"5000.00","feeDate":"2026年2月27日","sourceRef":"云服务采购","sourceSystem":null,"department":"上海分公司"...(49266字符省略)
[2026-03-18T03:04:22.783Z] [11:04:22.783] [express] GET    /api/accounts                  304 | 14ms | [{"id":5,"code":"1123.02.01.01","name":"预付账款_预付账款其他_预付账款其他_正常-待摊费用","type":"credit"},{"id":16,"code":"1123.02.01.02","name":"\t预付账款_预付账款其他_预付账款其他_正常-阿里云","type":"credit"},{"id":17,"code":"1123.02.01.0...(960字符省略)
[2026-03-18T03:04:22.784Z] [11:04:22.784] [express] GET    /api/entities                  304 | 17ms | [{"id":1,"code":"E001","name":"上海百胜软件股份有限公司","remark":"集团总部"},{"id":2,"code":"E002","name":"华东分公司","remark":"上海/江浙区域"},{"id":3,"code":"E003","name":"华南分公司","remark":"广东/福建区域"},{"id":5,"code":"E004","n...(411字符省略)
[2026-03-18T03:04:22.785Z] [11:04:22.785] [express] GET    /api/rule-templates            304 | 17ms | [{"id":3,"name":"保险费","defaultMonths":12,"method":"monthly","debitAccountId":1,"creditAccountId":5,"remark":"保险费用按保单期限摊销"},{"id":9,"name":"华为云","defaultMonths":12,"method":"monthly","debitAccountId":7...(1112字符省略)
[2026-03-18T03:04:25.016Z] [11:04:25.016] [express] GET    /api/vouchers/                 304 | 3ms | []
[2026-03-18T03:04:27.326Z] [11:04:27.325] [express] GET    /api/amort-table/              304 | 389ms | [{"id":805,"feeId":77,"month":"2026-03","amount":"434.58","cumulativeAmount":"434.58","remainingAmount":"4780.42","voucherGenerated":true,"feeName":"共享风控服务器年续费2026/01/13~2025/12/31","feeCode":"B260000...(40240字符省略)
[2026-03-18T03:08:47.306Z] [11:08:47.294] [express] serving on port 5100
[2026-03-18T03:08:58.290Z] [11:08:58.272] [express] serving on port 5100
[2026-03-18T03:09:01.218Z] [11:09:01.217] [express] GET    /api/entities                  304 | 5ms | [{"id":1,"code":"E001","name":"上海百胜软件股份有限公司","remark":"集团总部"},{"id":2,"code":"E002","name":"华东分公司","remark":"上海/江浙区域"},{"id":3,"code":"E003","name":"华南分公司","remark":"广东/福建区域"},{"id":5,"code":"E004","n...(411字符省略)
[2026-03-18T03:09:01.234Z] [11:09:01.234] [express] GET    /api/accounts                  304 | 10ms | [{"id":5,"code":"1123.02.01.01","name":"预付账款_预付账款其他_预付账款其他_正常-待摊费用","type":"credit"},{"id":16,"code":"1123.02.01.02","name":"\t预付账款_预付账款其他_预付账款其他_正常-阿里云","type":"credit"},{"id":17,"code":"1123.02.01.0...(960字符省略)
[2026-03-18T03:09:01.604Z] [11:09:01.604] [express] GET    /api/amort-table/              304 | 378ms | [{"id":805,"feeId":77,"month":"2026-03","amount":"434.58","cumulativeAmount":"434.58","remainingAmount":"4780.42","voucherGenerated":true,"feeName":"共享风控服务器年续费2026/01/13~2025/12/31","feeCode":"B260000...(40240字符省略)
[2026-03-18T03:09:08.704Z] [11:09:08.704] [express] GET    /api/vouchers/                 304 | 4ms | []
[2026-03-18T03:09:10.598Z] [11:09:10.597] [express] GET    /api/rule-templates            304 | 3ms | [{"id":3,"name":"保险费","defaultMonths":12,"method":"monthly","debitAccountId":1,"creditAccountId":5,"remark":"保险费用按保单期限摊销"},{"id":9,"name":"华为云","defaultMonths":12,"method":"monthly","debitAccountId":7...(1112字符省略)
[2026-03-18T03:09:10.602Z] [11:09:10.602] [express] GET    /api/fees/                     304 | 7ms | [{"id":178,"entityId":1,"feeCode":"SJ2021060676","feeName":"上海回力鞋业有限公司2026/02/26~2026/03/28","totalAmount":"5000.00","feeDate":"2026年2月27日","sourceRef":"云服务采购","sourceSystem":null,"department":"上海分公司"...(49266字符省略)
[2026-03-18T03:09:12.613Z] [11:09:12.612] [express] GET    /api/entities                  304 | 4ms | [{"id":1,"code":"E001","name":"上海百胜软件股份有限公司","remark":"集团总部"},{"id":2,"code":"E002","name":"华东分公司","remark":"上海/江浙区域"},{"id":3,"code":"E003","name":"华南分公司","remark":"广东/福建区域"},{"id":5,"code":"E004","n...(411字符省略)
[2026-03-18T03:09:12.620Z] [11:09:12.619] [express] GET    /api/rule-templates            304 | 4ms | [{"id":3,"name":"保险费","defaultMonths":12,"method":"monthly","debitAccountId":1,"creditAccountId":5,"remark":"保险费用按保单期限摊销"},{"id":9,"name":"华为云","defaultMonths":12,"method":"monthly","debitAccountId":7...(1112字符省略)
[2026-03-18T03:09:12.630Z] [11:09:12.629] [express] GET    /api/fees/                     304 | 12ms | [{"id":178,"entityId":1,"feeCode":"SJ2021060676","feeName":"上海回力鞋业有限公司2026/02/26~2026/03/28","totalAmount":"5000.00","feeDate":"2026年2月27日","sourceRef":"云服务采购","sourceSystem":null,"department":"上海分公司"...(49266字符省略)
[2026-03-18T03:09:12.643Z] [11:09:12.642] [express] GET    /api/accounts                  304 | 24ms | [{"id":5,"code":"1123.02.01.01","name":"预付账款_预付账款其他_预付账款其他_正常-待摊费用","type":"credit"},{"id":16,"code":"1123.02.01.02","name":"\t预付账款_预付账款其他_预付账款其他_正常-阿里云","type":"credit"},{"id":17,"code":"1123.02.01.0...(960字符省略)
[2026-03-18T03:09:21.505Z] [11:09:21.505] [express] GET    /api/rule-templates            304 | 3ms | [{"id":3,"name":"保险费","defaultMonths":12,"method":"monthly","debitAccountId":1,"creditAccountId":5,"remark":"保险费用按保单期限摊销"},{"id":9,"name":"华为云","defaultMonths":12,"method":"monthly","debitAccountId":7...(1112字符省略)
[2026-03-18T03:09:21.506Z] [11:09:21.506] [express] GET    /api/entities                  304 | 4ms | [{"id":1,"code":"E001","name":"上海百胜软件股份有限公司","remark":"集团总部"},{"id":2,"code":"E002","name":"华东分公司","remark":"上海/江浙区域"},{"id":3,"code":"E003","name":"华南分公司","remark":"广东/福建区域"},{"id":5,"code":"E004","n...(411字符省略)
[2026-03-18T03:09:21.509Z] [11:09:21.508] [express] GET    /api/fees/                     304 | 5ms | [{"id":178,"entityId":1,"feeCode":"SJ2021060676","feeName":"上海回力鞋业有限公司2026/02/26~2026/03/28","totalAmount":"5000.00","feeDate":"2026年2月27日","sourceRef":"云服务采购","sourceSystem":null,"department":"上海分公司"...(49266字符省略)
[2026-03-18T03:09:21.521Z] [11:09:21.520] [express] GET    /api/accounts                  304 | 17ms | [{"id":5,"code":"1123.02.01.01","name":"预付账款_预付账款其他_预付账款其他_正常-待摊费用","type":"credit"},{"id":16,"code":"1123.02.01.02","name":"\t预付账款_预付账款其他_预付账款其他_正常-阿里云","type":"credit"},{"id":17,"code":"1123.02.01.0...(960字符省略)
[2026-03-18T03:09:22.295Z] [11:09:22.295] [express] GET    /api/entities                  304 | 4ms | [{"id":1,"code":"E001","name":"上海百胜软件股份有限公司","remark":"集团总部"},{"id":2,"code":"E002","name":"华东分公司","remark":"上海/江浙区域"},{"id":3,"code":"E003","name":"华南分公司","remark":"广东/福建区域"},{"id":5,"code":"E004","n...(411字符省略)
[2026-03-18T03:09:22.298Z] [11:09:22.297] [express] GET    /api/rule-templates            304 | 6ms | [{"id":3,"name":"保险费","defaultMonths":12,"method":"monthly","debitAccountId":1,"creditAccountId":5,"remark":"保险费用按保单期限摊销"},{"id":9,"name":"华为云","defaultMonths":12,"method":"monthly","debitAccountId":7...(1112字符省略)
[2026-03-18T03:09:22.300Z] [11:09:22.300] [express] GET    /api/accounts                  304 | 8ms | [{"id":5,"code":"1123.02.01.01","name":"预付账款_预付账款其他_预付账款其他_正常-待摊费用","type":"credit"},{"id":16,"code":"1123.02.01.02","name":"\t预付账款_预付账款其他_预付账款其他_正常-阿里云","type":"credit"},{"id":17,"code":"1123.02.01.0...(960字符省略)
[2026-03-18T03:09:22.306Z] [11:09:22.305] [express] GET    /api/fees/                     304 | 13ms | [{"id":178,"entityId":1,"feeCode":"SJ2021060676","feeName":"上海回力鞋业有限公司2026/02/26~2026/03/28","totalAmount":"5000.00","feeDate":"2026年2月27日","sourceRef":"云服务采购","sourceSystem":null,"department":"上海分公司"...(49266字符省略)
[2026-03-18T03:09:26.444Z] [11:09:26.444] [express] GET    /api/entities                  304 | 2ms | [{"id":1,"code":"E001","name":"上海百胜软件股份有限公司","remark":"集团总部"},{"id":2,"code":"E002","name":"华东分公司","remark":"上海/江浙区域"},{"id":3,"code":"E003","name":"华南分公司","remark":"广东/福建区域"},{"id":5,"code":"E004","n...(411字符省略)
[2026-03-18T03:09:26.445Z] [11:09:26.445] [express] GET    /api/rule-templates            304 | 3ms | [{"id":3,"name":"保险费","defaultMonths":12,"method":"monthly","debitAccountId":1,"creditAccountId":5,"remark":"保险费用按保单期限摊销"},{"id":9,"name":"华为云","defaultMonths":12,"method":"monthly","debitAccountId":7...(1112字符省略)
[2026-03-18T03:09:26.447Z] [11:09:26.447] [express] GET    /api/fees/                     304 | 5ms | [{"id":178,"entityId":1,"feeCode":"SJ2021060676","feeName":"上海回力鞋业有限公司2026/02/26~2026/03/28","totalAmount":"5000.00","feeDate":"2026年2月27日","sourceRef":"云服务采购","sourceSystem":null,"department":"上海分公司"...(49266字符省略)
[2026-03-18T03:09:26.448Z] [11:09:26.448] [express] GET    /api/accounts                  304 | 5ms | [{"id":5,"code":"1123.02.01.01","name":"预付账款_预付账款其他_预付账款其他_正常-待摊费用","type":"credit"},{"id":16,"code":"1123.02.01.02","name":"\t预付账款_预付账款其他_预付账款其他_正常-阿里云","type":"credit"},{"id":17,"code":"1123.02.01.0...(960字符省略)
[2026-03-18T03:09:32.284Z] [11:09:32.284] [express] GET    /api/amort-table/              304 | 328ms | [{"id":805,"feeId":77,"month":"2026-03","amount":"434.58","cumulativeAmount":"434.58","remainingAmount":"4780.42","voucherGenerated":true,"feeName":"共享风控服务器年续费2026/01/13~2025/12/31","feeCode":"B260000...(40240字符省略)
[2026-03-18T03:09:35.509Z] [11:09:35.509] [express] GET    /api/vouchers/                 304 | 3ms | []
[2026-03-18T03:09:38.010Z] [11:09:38.010] [express] GET    /api/entities                  304 | 3ms | [{"id":1,"code":"E001","name":"上海百胜软件股份有限公司","remark":"集团总部"},{"id":2,"code":"E002","name":"华东分公司","remark":"上海/江浙区域"},{"id":3,"code":"E003","name":"华南分公司","remark":"广东/福建区域"},{"id":5,"code":"E004","n...(411字符省略)
[2026-03-18T03:09:38.023Z] [11:09:38.023] [express] GET    /api/vouchers/                 304 | 2ms | []
[2026-03-18T03:09:38.633Z] [11:09:38.633] [express] GET    /api/entities                  304 | 2ms | [{"id":1,"code":"E001","name":"上海百胜软件股份有限公司","remark":"集团总部"},{"id":2,"code":"E002","name":"华东分公司","remark":"上海/江浙区域"},{"id":3,"code":"E003","name":"华南分公司","remark":"广东/福建区域"},{"id":5,"code":"E004","n...(411字符省略)
[2026-03-18T03:09:38.647Z] [11:09:38.647] [express] GET    /api/vouchers/                 304 | 16ms | []
[2026-03-18T03:09:43.718Z] [11:09:43.718] [express] GET    /api/accounts                  304 | 3ms | [{"id":5,"code":"1123.02.01.01","name":"预付账款_预付账款其他_预付账款其他_正常-待摊费用","type":"credit"},{"id":16,"code":"1123.02.01.02","name":"\t预付账款_预付账款其他_预付账款其他_正常-阿里云","type":"credit"},{"id":17,"code":"1123.02.01.0...(960字符省略)
[2026-03-18T03:09:43.719Z] [11:09:43.719] [express] GET    /api/rule-templates            304 | 4ms | [{"id":3,"name":"保险费","defaultMonths":12,"method":"monthly","debitAccountId":1,"creditAccountId":5,"remark":"保险费用按保单期限摊销"},{"id":9,"name":"华为云","defaultMonths":12,"method":"monthly","debitAccountId":7...(1112字符省略)
[2026-03-18T03:09:45.042Z] [11:09:45.042] [express] GET    /api/fees/                     304 | 5ms | [{"id":178,"entityId":1,"feeCode":"SJ2021060676","feeName":"上海回力鞋业有限公司2026/02/26~2026/03/28","totalAmount":"5000.00","feeDate":"2026年2月27日","sourceRef":"云服务采购","sourceSystem":null,"department":"上海分公司"...(49266字符省略)
[2026-03-18T03:09:45.968Z] [11:09:45.968] [express] GET    /api/amort-table/              304 | 313ms | [{"id":805,"feeId":77,"month":"2026-03","amount":"434.58","cumulativeAmount":"434.58","remainingAmount":"4780.42","voucherGenerated":true,"feeName":"共享风控服务器年续费2026/01/13~2025/12/31","feeCode":"B260000...(40240字符省略)
[2026-03-18T03:09:47.785Z] [11:09:47.785] [express] GET    /api/entities                  304 | 3ms | [{"id":1,"code":"E001","name":"上海百胜软件股份有限公司","remark":"集团总部"},{"id":2,"code":"E002","name":"华东分公司","remark":"上海/江浙区域"},{"id":3,"code":"E003","name":"华南分公司","remark":"广东/福建区域"},{"id":5,"code":"E004","n...(411字符省略)
[2026-03-18T03:09:47.797Z] [11:09:47.797] [express] GET    /api/accounts                  304 | 13ms | [{"id":5,"code":"1123.02.01.01","name":"预付账款_预付账款其他_预付账款其他_正常-待摊费用","type":"credit"},{"id":16,"code":"1123.02.01.02","name":"\t预付账款_预付账款其他_预付账款其他_正常-阿里云","type":"credit"},{"id":17,"code":"1123.02.01.0...(960字符省略)
[2026-03-18T03:09:48.087Z] [11:09:48.086] [express] GET    /api/amort-table/              304 | 302ms | [{"id":805,"feeId":77,"month":"2026-03","amount":"434.58","cumulativeAmount":"434.58","remainingAmount":"4780.42","voucherGenerated":true,"feeName":"共享风控服务器年续费2026/01/13~2025/12/31","feeCode":"B260000...(40240字符省略)
[2026-03-18T03:14:08.410Z] [11:14:08.410] [express] GET    /api/entities                  304 | 22ms | [{"id":1,"code":"E001","name":"上海百胜软件股份有限公司","remark":"集团总部"},{"id":2,"code":"E002","name":"华东分公司","remark":"上海/江浙区域"},{"id":3,"code":"E003","name":"华南分公司","remark":"广东/福建区域"},{"id":5,"code":"E004","n...(411字符省略)
[2026-03-18T03:14:08.414Z] [11:14:08.414] [express] GET    /api/rule-templates            304 | 19ms | [{"id":3,"name":"保险费","defaultMonths":12,"method":"monthly","debitAccountId":1,"creditAccountId":5,"remark":"保险费用按保单期限摊销"},{"id":9,"name":"华为云","defaultMonths":12,"method":"monthly","debitAccountId":7...(1112字符省略)
[2026-03-18T03:14:08.417Z] [11:14:08.417] [express] GET    /api/accounts                  304 | 17ms | [{"id":5,"code":"1123.02.01.01","name":"预付账款_预付账款其他_预付账款其他_正常-待摊费用","type":"credit"},{"id":16,"code":"1123.02.01.02","name":"\t预付账款_预付账款其他_预付账款其他_正常-阿里云","type":"credit"},{"id":17,"code":"1123.02.01.0...(960字符省略)
[2026-03-18T03:14:08.420Z] [11:14:08.420] [express] GET    /api/fees/                     304 | 21ms | [{"id":178,"entityId":1,"feeCode":"SJ2021060676","feeName":"上海回力鞋业有限公司2026/02/26~2026/03/28","totalAmount":"5000.00","feeDate":"2026年2月27日","sourceRef":"云服务采购","sourceSystem":null,"department":"上海分公司"...(49266字符省略)
[2026-03-18T03:14:12.196Z] [11:14:12.195] [express] GET    /api/amort-table/              304 | 423ms | [{"id":805,"feeId":77,"month":"2026-03","amount":"434.58","cumulativeAmount":"434.58","remainingAmount":"4780.42","voucherGenerated":true,"feeName":"共享风控服务器年续费2026/01/13~2025/12/31","feeCode":"B260000...(40240字符省略)
[2026-03-18T03:14:18.339Z] [11:14:18.338] [express] GET    /api/vouchers/                 304 | 5ms | []
[2026-03-18T03:14:19.871Z] [11:14:19.871] [express] GET    /api/vouchers/                 304 | 4ms | []
[2026-03-18T03:14:20.874Z] [11:14:20.874] [express] POST   /api/generate-voucher          200 | 332ms | {"generated":0,"message":"该主体当月无待生成凭证的摊销记录"}
[2026-03-18T03:14:20.884Z] [11:14:20.883] [express] GET    /api/vouchers/                 304 | 3ms | []
[2026-03-18T03:14:30.988Z] [11:14:30.987] [express] GET    /api/vouchers/                 200 | 19ms | []
[2026-03-18T03:14:31.661Z] [11:14:31.660] [express] POST   /api/generate-voucher          200 | 5ms | {"generated":0,"message":"该主体当月无待生成凭证的摊销记录"}
[2026-03-18T03:14:31.670Z] [11:14:31.669] [express] GET    /api/vouchers/                 304 | 3ms | []
[2026-03-18T03:14:36.084Z] [11:14:36.084] [express] GET    /api/amort-table/              304 | 313ms | [{"id":805,"feeId":77,"month":"2026-03","amount":"434.58","cumulativeAmount":"434.58","remainingAmount":"4780.42","voucherGenerated":true,"feeName":"共享风控服务器年续费2026/01/13~2025/12/31","feeCode":"B260000...(40240字符省略)
